1_11_TransitionAnimations/build/outputs/logs/manifest-merger-debug-report.txt
-- Merging decision tree log ---
manifest
ADDED from src\main\AndroidManifest.xml:1:1-36:12
	package
		ADDED from src\main\AndroidManifest.xml:2:5-48
		INJECTED from src\main\AndroidManifest.xml
		INJECTED from src\main\AndroidManifest.xml
	android:versionName
		ADDED from src\main\AndroidManifest.xml:4:5-30
		INJECTED from src\main\AndroidManifest.xml
		INJECTED from src\main\AndroidManifest.xml
	android:versionCode
		ADDED from src\main\AndroidManifest.xml:3:5-28
		INJECTED from src\main\AndroidManifest.xml
		INJECTED from src\main\AndroidManifest.xml
	xmlns:android
		ADDED from src\main\AndroidManifest.xml:1:11-69
application
ADDED from src\main\AndroidManifest.xml:6:5-34:19
MERGED from [com.android.support:appcompat-v7:21.0.0] AndroidManifest.xml:16:5-19
MERGED from [com.android.support:support-v4:21.0.0] AndroidManifest.xml:16:5-19
	android:label
		ADDED from src\main\AndroidManifest.xml:8:9-41
	android:icon
		ADDED from src\main\AndroidManifest.xml:7:9-45
	android:theme
		ADDED from src\main\AndroidManifest.xml:9:9-45
activity#com.examples.transitionanimations.MainActivity
ADDED from src\main\AndroidManifest.xml:10:10-17:21
	android:label
		ADDED from src\main\AndroidManifest.xml:12:14-57
	android:name
		ADDED from src\main\AndroidManifest.xml:11:14-42
intent-filter#android.intent.action.MAIN+android.intent.category.LAUNCHER
ADDED from src\main\AndroidManifest.xml:13:14-16:30
action#android.intent.action.MAIN
ADDED from src\main\AndroidManifest.xml:14:18-70
	android:name
		ADDED from src\main\AndroidManifest.xml:14:26-67
category#android.intent.category.LAUNCHER
ADDED from src\main\AndroidManifest.xml:15:18-78
	android:name
		ADDED from src\main\AndroidManifest.xml:15:28-75
activity#com.examples.transitionanimations.SupportActivity
ADDED from src\main\AndroidManifest.xml:18:10-24:21
	android:label
		ADDED from src\main\AndroidManifest.xml:19:14-60
	android:name
		ADDED from src\main\AndroidManifest.xml:18:20-51
activity#com.examples.transitionanimations.NativeActivity
ADDED from src\main\AndroidManifest.xml:25:9-33:20
	android:enabled
		ADDED from src\main\AndroidManifest.xml:27:13-57
	android:label
		ADDED from src\main\AndroidManifest.xml:26:13-58
	android:theme
		ADDED from src\main\AndroidManifest.xml:28:13-55
	android:name
		ADDED from src\main\AndroidManifest.xml:25:19-49
uses-sdk
INJECTED from src\main\AndroidManifest.xml reason: use-sdk injection requested
MERGED from [com.android.support:appcompat-v7:21.0.0] AndroidManifest.xml:15:5-42
MERGED from [com.android.support:support-v4:21.0.0] AndroidManifest.xml:15:5-42
	android:targetSdkVersion
		INJECTED from src\main\AndroidManifest.xml
		INJECTED from src\main\AndroidManifest.xml
	android:minSdkVersion
		INJECTED from src\main\AndroidManifest.xml
		INJECTED from src\main\AndroidManifest.xml